<?xml version="1.0" encoding="UTF-8"?>
<!-- Generated by org.testng.reporters.JUnitXMLReporter -->
<testsuite hostname="PC1" ignored="0" name="Default test" tests="5" failures="0" timestamp="2019-12-23T10:44:06 IST" time="120.872" errors="0">
  <testcase name="PageSigninTest" time="3.852" classname="com.pom.qa.TestCases.SiginpageTest"/>
  <testcase name="SigninTitleTest" time="4.61" classname="com.pom.qa.TestCases.SiginpageTest"/>
  <testcase name="MainPageTitleTest" time="0.02" classname="com.pom.qa.TestCases.MainpageTest"/>
  <testcase name="signinbtnvisibleTest" time="0.176" classname="com.pom.qa.TestCases.MainpageTest"/>
  <testcase name="SiginBtnClickTest" time="1.42" classname="com.pom.qa.TestCases.MainpageTest"/>
</testsuite> <!-- Default test -->
