<?xml version="1.0" encoding="UTF-8"?>
<!-- Generated by org.testng.reporters.JUnitXMLReporter -->
<testsuite hostname="PC1" ignored="0" name="Command line test" tests="5" failures="0" timestamp="2019-11-15T10:50:13 IST" time="118.58" errors="0">
  <testcase name="MainPageTitleTest" time="0.725" classname="com.pom.qa.TestCases.MainpageTest"/>
  <testcase name="signinbtnvisibleTest" time="0.921" classname="com.pom.qa.TestCases.MainpageTest"/>
  <testcase name="SiginBtnClickTest" time="1.38" classname="com.pom.qa.TestCases.MainpageTest"/>
  <testcase name="PageSigninTest" time="4.455" classname="com.pom.qa.TestCases.SiginpageTest"/>
  <testcase name="SigninTitleTest" time="3.493" classname="com.pom.qa.TestCases.SiginpageTest"/>
</testsuite> <!-- Command line test -->
