<?xml version="1.0" encoding="UTF-8"?>
<testng-results skipped="0" failed="0" ignored="0" total="5" passed="5">
  <reporter-output>
  </reporter-output>
  <suite name="Default suite" duration-ms="120872" started-at="2019-12-23T10:42:04 IST" finished-at="2019-12-23T10:44:05 IST">
    <groups>
    </groups>
    <test name="Default test" duration-ms="120872" started-at="2019-12-23T10:42:04 IST" finished-at="2019-12-23T10:44:05 IST">
      <class name="com.pom.qa.TestCases.SiginpageTest">
        <test-method status="PASS" signature="setUp()[pri:0, instance:com.pom.qa.TestCases.SiginpageTest@17030a6]" name="setUp" is-config="true" duration-ms="44543" started-at="2019-12-23T10:42:04 IST" finished-at="2019-12-23T10:42:49 IST">
          <reporter-output>
          </reporter-output>
        </test-method> <!-- setUp -->
        <test-method status="PASS" signature="PageSigninTest()[pri:0, instance:com.pom.qa.TestCases.SiginpageTest@17030a6]" name="PageSigninTest" duration-ms="3852" started-at="2019-12-23T10:42:49 IST" finished-at="2019-12-23T10:42:53 IST">
          <reporter-output>
          </reporter-output>
        </test-method> <!-- PageSigninTest -->
        <test-method status="PASS" signature="tearDown()[pri:0, instance:com.pom.qa.TestCases.SiginpageTest@17030a6]" name="tearDown" is-config="true" duration-ms="3936" started-at="2019-12-23T10:42:53 IST" finished-at="2019-12-23T10:42:57 IST">
          <reporter-output>
          </reporter-output>
        </test-method> <!-- tearDown -->
        <test-method status="PASS" signature="setUp()[pri:0, instance:com.pom.qa.TestCases.SiginpageTest@17030a6]" name="setUp" is-config="true" duration-ms="23042" started-at="2019-12-23T10:42:57 IST" finished-at="2019-12-23T10:43:20 IST">
          <reporter-output>
          </reporter-output>
        </test-method> <!-- setUp -->
        <test-method status="PASS" signature="SigninTitleTest()[pri:0, instance:com.pom.qa.TestCases.SiginpageTest@17030a6]" name="SigninTitleTest" duration-ms="4610" started-at="2019-12-23T10:43:20 IST" finished-at="2019-12-23T10:43:24 IST">
          <reporter-output>
          </reporter-output>
        </test-method> <!-- SigninTitleTest -->
        <test-method status="PASS" signature="tearDown()[pri:0, instance:com.pom.qa.TestCases.SiginpageTest@17030a6]" name="tearDown" is-config="true" duration-ms="3583" started-at="2019-12-23T10:43:24 IST" finished-at="2019-12-23T10:43:28 IST">
          <reporter-output>
          </reporter-output>
        </test-method> <!-- tearDown -->
      </class> <!-- com.pom.qa.TestCases.SiginpageTest -->
      <class name="com.pom.qa.TestCases.MainpageTest">
        <test-method status="PASS" signature="setUp()[pri:0, instance:com.pom.qa.TestCases.MainpageTest@1c0542]" name="setUp" is-config="true" duration-ms="12691" started-at="2019-12-23T10:43:28 IST" finished-at="2019-12-23T10:43:40 IST">
          <reporter-output>
          </reporter-output>
        </test-method> <!-- setUp -->
        <test-method status="PASS" signature="MainPageTitleTest()[pri:1, instance:com.pom.qa.TestCases.MainpageTest@1c0542]" name="MainPageTitleTest" duration-ms="20" started-at="2019-12-23T10:43:40 IST" finished-at="2019-12-23T10:43:41 IST">
          <reporter-output>
          </reporter-output>
        </test-method> <!-- MainPageTitleTest -->
        <test-method status="PASS" signature="tearDown()[pri:0, instance:com.pom.qa.TestCases.MainpageTest@1c0542]" name="tearDown" is-config="true" duration-ms="1428" started-at="2019-12-23T10:43:41 IST" finished-at="2019-12-23T10:43:42 IST">
          <reporter-output>
          </reporter-output>
        </test-method> <!-- tearDown -->
        <test-method status="PASS" signature="setUp()[pri:0, instance:com.pom.qa.TestCases.MainpageTest@1c0542]" name="setUp" is-config="true" duration-ms="10134" started-at="2019-12-23T10:43:42 IST" finished-at="2019-12-23T10:43:52 IST">
          <reporter-output>
          </reporter-output>
        </test-method> <!-- setUp -->
        <test-method status="PASS" signature="signinbtnvisibleTest()[pri:2, instance:com.pom.qa.TestCases.MainpageTest@1c0542]" name="signinbtnvisibleTest" duration-ms="176" started-at="2019-12-23T10:43:52 IST" finished-at="2019-12-23T10:43:52 IST">
          <reporter-output>
          </reporter-output>
        </test-method> <!-- signinbtnvisibleTest -->
        <test-method status="PASS" signature="tearDown()[pri:0, instance:com.pom.qa.TestCases.MainpageTest@1c0542]" name="tearDown" is-config="true" duration-ms="814" started-at="2019-12-23T10:43:52 IST" finished-at="2019-12-23T10:43:53 IST">
          <reporter-output>
          </reporter-output>
        </test-method> <!-- tearDown -->
        <test-method status="PASS" signature="setUp()[pri:0, instance:com.pom.qa.TestCases.MainpageTest@1c0542]" name="setUp" is-config="true" duration-ms="9523" started-at="2019-12-23T10:43:53 IST" finished-at="2019-12-23T10:44:03 IST">
          <reporter-output>
          </reporter-output>
        </test-method> <!-- setUp -->
        <test-method status="PASS" signature="SiginBtnClickTest()[pri:3, instance:com.pom.qa.TestCases.MainpageTest@1c0542]" name="SiginBtnClickTest" duration-ms="1420" started-at="2019-12-23T10:44:03 IST" finished-at="2019-12-23T10:44:04 IST">
          <reporter-output>
          </reporter-output>
        </test-method> <!-- SiginBtnClickTest -->
        <test-method status="PASS" signature="tearDown()[pri:0, instance:com.pom.qa.TestCases.MainpageTest@1c0542]" name="tearDown" is-config="true" duration-ms="936" started-at="2019-12-23T10:44:04 IST" finished-at="2019-12-23T10:44:05 IST">
          <reporter-output>
          </reporter-output>
        </test-method> <!-- tearDown -->
      </class> <!-- com.pom.qa.TestCases.MainpageTest -->
    </test> <!-- Default test -->
  </suite> <!-- Default suite -->
</testng-results>
